<?xml version="1.0" encoding="UTF-8"?>
<testng-results skipped="0" failed="0" total="1" passed="1">
  <reporter-output>
    <line>
      <![CDATA[captureScreen method called]]>
    </line>
    <line>
      <![CDATA[<a href='C:\Users\insind948\git\uiFramework\src\main\resources\screenShots\blank_08_08_2019_06_20.png'><img src='C:\Users\insind948\git\uiFramework\src\main\resources\screenShots\blank_08_08_2019_06_20.png'height='100' width='100'/></a>]]>
    </line>
  </reporter-output>
  <suite name="Regression Suite" duration-ms="55944" started-at="2019-08-08T12:50:27Z" finished-at="2019-08-08T12:51:23Z">
    <groups>
    </groups>
    <test name="UnitTestingTool" duration-ms="55944" started-at="2019-08-08T12:50:27Z" finished-at="2019-08-08T12:51:23Z">
      <class name="com.uiFramework.inszoom.regrationTesting.FormsLoad.UnitTestingTool">
        <test-method status="PASS" signature="beforeSuite()[pri:0, instance:com.uiFramework.inszoom.regrationTesting.FormsLoad.UnitTestingTool@3551a94]" name="beforeSuite" is-config="true" duration-ms="142" started-at="2019-08-08T18:20:27Z" finished-at="2019-08-08T18:20:27Z">
          <reporter-output>
          </reporter-output>
        </test-method> <!-- beforeSuite -->
        <test-method status="PASS" signature="beforeTest()[pri:0, instance:com.uiFramework.inszoom.regrationTesting.FormsLoad.UnitTestingTool@3551a94]" name="beforeTest" is-config="true" duration-ms="4140" started-at="2019-08-08T18:20:27Z" finished-at="2019-08-08T18:20:31Z">
          <reporter-output>
          </reporter-output>
        </test-method> <!-- beforeTest -->
        <test-method status="PASS" signature="beforeMethod(java.lang.reflect.Method)[pri:0, instance:com.uiFramework.inszoom.regrationTesting.FormsLoad.UnitTestingTool@3551a94]" name="beforeMethod" is-config="true" duration-ms="5" started-at="2019-08-08T18:20:31Z" finished-at="2019-08-08T18:20:31Z">
          <params>
            <param index="0">
              <value>
                <![CDATA[public void com.uiFramework.inszoom.regrationTesting.FormsLoad.UnitTestingTool.testFormsInAllHostedServers() throws java.lang.Exception]]>
              </value>
            </param>
          </params>
          <reporter-output>
          </reporter-output>
        </test-method> <!-- beforeMethod -->
        <test-method status="PASS" signature="testFormsInAllHostedServers()[pri:0, instance:com.uiFramework.inszoom.regrationTesting.FormsLoad.UnitTestingTool@3551a94]" name="testFormsInAllHostedServers" duration-ms="51376" started-at="2019-08-08T18:20:31Z" finished-at="2019-08-08T18:21:23Z">
          <reporter-output>
            <line>
              <![CDATA[captureScreen method called]]>
            </line>
            <line>
              <![CDATA[<a href='C:\Users\insind948\git\uiFramework\src\main\resources\screenShots\blank_08_08_2019_06_20.png'><img src='C:\Users\insind948\git\uiFramework\src\main\resources\screenShots\blank_08_08_2019_06_20.png'height='100' width='100'/></a>]]>
            </line>
          </reporter-output>
        </test-method> <!-- testFormsInAllHostedServers -->
        <test-method status="PASS" signature="afterMethod(org.testng.ITestResult)[pri:0, instance:com.uiFramework.inszoom.regrationTesting.FormsLoad.UnitTestingTool@3551a94]" name="afterMethod" is-config="true" duration-ms="413" started-at="2019-08-08T18:21:23Z" finished-at="2019-08-08T18:21:23Z">
          <params>
            <param index="0">
              <value>
                <![CDATA[[TestResult name=testFormsInAllHostedServers status=SUCCESS method=UnitTestingTool.testFormsInAllHostedServers()[pri:0, instance:com.uiFramework.inszoom.regrationTesting.FormsLoad.UnitTestingTool@3551a94] output=captureScreen method called]]]>
              </value>
            </param>
          </params>
          <reporter-output>
          </reporter-output>
        </test-method> <!-- afterMethod -->
      </class> <!-- com.uiFramework.inszoom.regrationTesting.FormsLoad.UnitTestingTool -->
    </test> <!-- UnitTestingTool -->
  </suite> <!-- Regression Suite -->
</testng-results>
