<?xml version="1.0" encoding="UTF-8"?>
<!-- Generated by org.testng.reporters.JUnitXMLReporter -->
<testsuite hostname="Hrishikesh" ignored="0" name="RegrationSuite" tests="4" failures="1" timestamp="14 Jun 2019 02:18:58 GMT" time="103.485" errors="0">
  <testcase name="testLoginToApplication" time="9.876" classname="com.uiFramework.inszoom.regrationTesting.testScripts.RegrationSuite"/>
  <testcase name="setDefaultDashboardPage" time="9.461" classname="com.uiFramework.inszoom.regrationTesting.testScripts.RegrationSuite"/>
  <testcase name="clickOnRecentlyVisitedCaseForm" time="19.756" classname="com.uiFramework.inszoom.regrationTesting.testScripts.RegrationSuite"/>
  <testcase name="formsUtilityFunctionsCheck" time="15.782" classname="com.uiFramework.inszoom.regrationTesting.testScripts.RegrationSuite">
    <failure type="java.lang.NullPointerException">
      <![CDATA[java.lang.NullPointerExceptionat com.uiFramework.inszoom.regrationTesting.pageObject.formsPage.FormsUtilityPage.checkFastForm(FormsUtilityPage.java:110)at com.uiFramework.inszoom.regrationTesting.testScripts.RegrationSuite.formsUtilityFunctionsCheck(RegrationSuite.java:48)... Removed 25 stack frames]]>
    </failure>
  </testcase> <!-- formsUtilityFunctionsCheck -->
</testsuite> <!-- RegrationSuite -->
