<?xml version="1.0" encoding="UTF-8"?>
<!-- Generated by org.testng.reporters.JUnitXMLReporter -->
<testsuite hostname="insind948" name="Default test" tests="4" failures="0" timestamp="7 Aug 2019 07:31:13 GMT" time="74.812" errors="0">
  <testcase name="testLoginToApplication" time="9.911" classname="com.uiFramework.inszoom.regrationTesting.FormsLoad.FormsRegression"/>
  <testcase name="setDefaultDashboardPage" time="18.647" classname="com.uiFramework.inszoom.regrationTesting.FormsLoad.FormsRegression"/>
  <testcase name="clickOnRecentlyVisitedCaseForm" time="10.351" classname="com.uiFramework.inszoom.regrationTesting.FormsLoad.FormsRegression"/>
  <testcase name="ckeckAllFormsFromExcelFile" time="24.632" classname="com.uiFramework.inszoom.regrationTesting.FormsLoad.FormsRegression"/>
</testsuite> <!-- Default test -->
